[2014-05-27 15:19:31] production.ERROR: exception 'Illuminate\Session\TokenMismatchException' in /var/www/gitmusic/app/filters.php:78
Stack trace:
#0 [internal function]: {closure}(Object(Illuminate\Routing\Route), Object(Illuminate\Http\Request))
#1 /var/www/gitmusic/vendor/laravel/framework/src/Illuminate/Events/Dispatcher.php(199): call_user_func_array(Object(Closure), Array)
#2 /var/www/gitmusic/vendor/laravel/framework/src/Illuminate/Events/Dispatcher.php(154): Illuminate\Events\Dispatcher->fire('router.filter: ...', Array, true)
#3 /var/www/gitmusic/vendor/laravel/framework/src/Illuminate/Routing/Router.php(1399): Illuminate\Events\Dispatcher->until('router.filter: ...', Array)
#4 /var/www/gitmusic/vendor/laravel/framework/src/Illuminate/Routing/Router.php(1361): Illuminate\Routing\Router->callRouteFilter('csrf', Array, Object(Illuminate\Routing\Route), Object(Illuminate\Http\Request))
#5 /var/www/gitmusic/vendor/laravel/framework/src/Illuminate/Routing/Router.php(1248): Illuminate\Routing\Router->callAttachedBefores(Object(Illuminate\Routing\Route), Object(Illuminate\Http\Request))
#6 /var/www/gitmusic/vendor/laravel/framework/src/Illuminate/Routing/Router.php(996): Illuminate\Routing\Router->callRouteBefore(Object(Illuminate\Routing\Route), Object(Illuminate\Http\Request))
#7 /var/www/gitmusic/vendor/laravel/framework/src/Illuminate/Routing/Router.php(968): Illuminate\Routing\Router->dispatchToRoute(Object(Illuminate\Http\Request))
#8 /var/www/gitmusic/vendor/laravel/framework/src/Illuminate/Foundation/Application.php(738): Illuminate\Routing\Router->dispatch(Object(Illuminate\Http\Request))
#9 /var/www/gitmusic/vendor/laravel/framework/src/Illuminate/Foundation/Application.php(708): Illuminate\Foundation\Application->dispatch(Object(Illuminate\Http\Request))
#10 /var/www/gitmusic/vendor/laravel/framework/src/Illuminate/Http/FrameGuard.php(38): Illuminate\Foundation\Application->handle(Object(Illuminate\Http\Request), 1, true)
#11 /var/www/gitmusic/vendor/laravel/framework/src/Illuminate/Session/Middleware.php(72): Illuminate\Http\FrameGuard->handle(Object(Illuminate\Http\Request), 1, true)
#12 /var/www/gitmusic/vendor/laravel/framework/src/Illuminate/Cookie/Queue.php(47): Illuminate\Session\Middleware->handle(Object(Illuminate\Http\Request), 1, true)
#13 /var/www/gitmusic/vendor/laravel/framework/src/Illuminate/Cookie/Guard.php(51): Illuminate\Cookie\Queue->handle(Object(Illuminate\Http\Request), 1, true)
#14 /var/www/gitmusic/vendor/stack/builder/src/Stack/StackedHttpKernel.php(23): Illuminate\Cookie\Guard->handle(Object(Illuminate\Http\Request), 1, true)
#15 /var/www/gitmusic/vendor/laravel/framework/src/Illuminate/Foundation/Application.php(606): Stack\StackedHttpKernel->handle(Object(Illuminate\Http\Request))
#16 /var/www/gitmusic/public/index.php(49): Illuminate\Foundation\Application->run()
#17 {main} [] []
[2014-05-27 19:45:18] production.ERROR: exception 'Symfony\Component\Debug\Exception\FatalErrorException' with message 'Call to a member function likes_song() on a non-object' in /var/www/gitmusic/app/storage/views/c121d7b455584dd94c0deaf3bc9950f1:6
Stack trace:
#0 [internal function]: Illuminate\Exception\Handler->handleShutdown()
#1 {main} [] []
[2014-05-27 19:45:21] production.ERROR: exception 'Symfony\Component\Debug\Exception\FatalErrorException' with message 'Call to a member function likes_song() on a non-object' in /var/www/gitmusic/app/storage/views/c121d7b455584dd94c0deaf3bc9950f1:6
Stack trace:
#0 [internal function]: Illuminate\Exception\Handler->handleShutdown()
#1 {main} [] []
[2014-05-27 19:45:36] production.ERROR: exception 'Symfony\Component\Debug\Exception\FatalErrorException' with message 'Call to a member function likes_song() on a non-object' in /var/www/gitmusic/app/storage/views/c121d7b455584dd94c0deaf3bc9950f1:6
Stack trace:
#0 [internal function]: Illuminate\Exception\Handler->handleShutdown()
#1 {main} [] []
[2014-05-27 19:47:19] production.ERROR: exception 'Symfony\Component\Debug\Exception\FatalErrorException' with message 'Call to a member function likes_song() on a non-object' in /var/www/gitmusic/app/storage/views/c121d7b455584dd94c0deaf3bc9950f1:6
Stack trace:
#0 [internal function]: Illuminate\Exception\Handler->handleShutdown()
#1 {main} [] []
[2014-05-27 19:47:23] production.ERROR: exception 'Symfony\Component\Debug\Exception\FatalErrorException' with message 'Call to a member function likes_song() on a non-object' in /var/www/gitmusic/app/storage/views/c121d7b455584dd94c0deaf3bc9950f1:6
Stack trace:
#0 [internal function]: Illuminate\Exception\Handler->handleShutdown()
#1 {main} [] []
[2014-05-27 19:51:45] production.ERROR: exception 'Symfony\Component\Debug\Exception\FatalErrorException' with message 'Undefined class constant 'user'' in /var/www/gitmusic/app/storage/views/c121d7b455584dd94c0deaf3bc9950f1:6
Stack trace:
#0 [internal function]: Illuminate\Exception\Handler->handleShutdown()
#1 {main} [] []
